<?xml version="1.0" encoding="utf-8"?>
<!DOCTYPE coverage SYSTEM "http://cobertura.sourceforge.net/xml/coverage-04.dtd">
<coverage line-rate="1" branch-rate="1" lines-covered="13" lines-valid="13" branches-covered="6" branches-valid="6" complexity="6" version="0" timestamp="1787227052">
  <sources>
    <source>/</source>
  </sources>
  <packages>
    <package name="GraphQL.Query.Builder.Formatter.SystemTextJson" line-rate="1" branch-rate="1" complexity="6">
      <classes>
        <class name="GraphQL.Query.Builder.Formatter.SystemTextJson.SystemTextJsonPropertyNameFormatter" filename="/home/cdeva/github/graphql-query-builder-formatter-systemtextjson/src/GraphQL.Query.Builder.Formatter.SystemTextJson/SystemTextJsonPropertyNameFormatter.cs" line-rate="1" branch-rate="1" complexity="6">
          <methods>
            <method name=".cctor" signature="()" line-rate="1" branch-rate="1" complexity="6">
              <lines>
                <line number="11" hits="1" branch="false" />
                <line number="12" hits="1" branch="false" />
                <line number="13" hits="3" branch="true" condition-coverage="100% (2/2)" />
                <line number="14" hits="1" branch="false" />
                <line number="15" hits="1" branch="false" />
                <line number="16" hits="1" branch="false" />
                <line number="17" hits="1" branch="false" />
                <line number="18" hits="2" branch="false" />
                <line number="19" hits="1" branch="false" />
                <line number="20" hits="2" branch="true" condition-coverage="100% (4/4)" />
                <line number="21" hits="2" branch="false" />
                <line number="22" hits="2" branch="false" />
                <line number="23" hits="1" branch="false" />
              </lines>
            </method>
          </methods>
          <lines>
            <line number="11" hits="1" branch="false" />
            <line number="12" hits="1" branch="false" />
            <line number="13" hits="3" branch="true" condition-coverage="100% (2/2)" />
            <line number="14" hits="1" branch="false" />
            <line number="15" hits="1" branch="false" />
            <line number="16" hits="1" branch="false" />
            <line number="17" hits="1" branch="false" />
            <line number="18" hits="2" branch="false" />
            <line number="19" hits="1" branch="false" />
            <line number="20" hits="2" branch="true" condition-coverage="100% (4/4)" />
            <line number="21" hits="2" branch="false" />
            <line number="22" hits="2" branch="false" />
            <line number="23" hits="1" branch="false" />
          </lines>
        </class>
      </classes>
    </package>
  </packages>
</coverage>